<?xml version="1.0" encoding="UTF-8"?>
<testsuite xmlns:xsi="http://www.w3.org/2001/XMLSchema-instance" xsi:noNamespaceSchemaLocation="https://maven.apache.org/surefire/maven-surefire-plugin/xsd/surefire-test-report.xsd" name="com.cn.uk.AppTest" time="0.034" tests="1" errors="0" skipped="0" failures="0">
  <properties>
    <property name="sun.desktop" value="windows"/>
    <property name="awt.toolkit" value="sun.awt.windows.WToolkit"/>
    <property name="file.encoding.pkg" value="sun.io"/>
    <property name="java.specification.version" value="1.8"/>
    <property name="sun.cpu.isalist" value="amd64"/>
    <property name="sun.jnu.encoding" value="GBK"/>
    <property name="java.class.path" value="E:\运维系统\UK-9000\UK-9100\V1\project\IGApi\target\test-classes;E:\运维系统\UK-9000\UK-9100\V1\project\IGApi\target\classes;D:\apache-maven-3.5.2\repository\org\springframework\boot\spring-boot-starter-thymeleaf\2.0.3.RELEASE\spring-boot-starter-thymeleaf-2.0.3.RELEASE.jar;D:\apache-maven-3.5.2\repository\org\thymeleaf\thymeleaf-spring5\3.0.9.RELEASE\thymeleaf-spring5-3.0.9.RELEASE.jar;D:\apache-maven-3.5.2\repository\org\thymeleaf\thymeleaf\3.0.9.RELEASE\thymeleaf-3.0.9.RELEASE.jar;D:\apache-maven-3.5.2\repository\org\attoparser\attoparser\2.0.4.RELEASE\attoparser-2.0.4.RELEASE.jar;D:\apache-maven-3.5.2\repository\org\unbescape\unbescape\1.1.5.RELEASE\unbescape-1.1.5.RELEASE.jar;D:\apache-maven-3.5.2\repository\org\thymeleaf\extras\thymeleaf-extras-java8time\3.0.1.RELEASE\thymeleaf-extras-java8time-3.0.1.RELEASE.jar;D:\apache-maven-3.5.2\repository\org\springframework\boot\spring-boot-starter-websocket\2.0.3.RELEASE\spring-boot-starter-websocket-2.0.3.RELEASE.jar;D:\apache-maven-3.5.2\repository\org\springframework\spring-messaging\5.0.7.RELEASE\spring-messaging-5.0.7.RELEASE.jar;D:\apache-maven-3.5.2\repository\org\springframework\spring-beans\5.0.7.RELEASE\spring-beans-5.0.7.RELEASE.jar;D:\apache-maven-3.5.2\repository\org\springframework\spring-websocket\5.0.7.RELEASE\spring-websocket-5.0.7.RELEASE.jar;D:\apache-maven-3.5.2\repository\org\java-websocket\Java-WebSocket\1.3.5\Java-WebSocket-1.3.5.jar;D:\apache-maven-3.5.2\repository\org\springframework\boot\spring-boot-configuration-processor\2.0.3.RELEASE\spring-boot-configuration-processor-2.0.3.RELEASE.jar;D:\apache-maven-3.5.2\repository\org\springframework\boot\spring-boot-starter-web\2.0.3.RELEASE\spring-boot-starter-web-2.0.3.RELEASE.jar;D:\apache-maven-3.5.2\repository\org\springframework\boot\spring-boot-starter-json\2.0.3.RELEASE\spring-boot-starter-json-2.0.3.RELEASE.jar;D:\apache-maven-3.5.2\repository\com\fasterxml\jackson\core\jackson-databind\2.9.6\jackson-databind-2.9.6.jar;D:\apache-maven-3.5.2\repository\com\fasterxml\jackson\core\jackson-core\2.9.6\jackson-core-2.9.6.jar;D:\apache-maven-3.5.2\repository\com\fasterxml\jackson\datatype\jackson-datatype-jdk8\2.9.6\jackson-datatype-jdk8-2.9.6.jar;D:\apache-maven-3.5.2\repository\com\fasterxml\jackson\datatype\jackson-datatype-jsr310\2.9.6\jackson-datatype-jsr310-2.9.6.jar;D:\apache-maven-3.5.2\repository\com\fasterxml\jackson\module\jackson-module-parameter-names\2.9.6\jackson-module-parameter-names-2.9.6.jar;D:\apache-maven-3.5.2\repository\org\hibernate\validator\hibernate-validator\6.0.10.Final\hibernate-validator-6.0.10.Final.jar;D:\apache-maven-3.5.2\repository\org\jboss\logging\jboss-logging\3.3.2.Final\jboss-logging-3.3.2.Final.jar;D:\apache-maven-3.5.2\repository\org\springframework\spring-web\5.0.7.RELEASE\spring-web-5.0.7.RELEASE.jar;D:\apache-maven-3.5.2\repository\org\springframework\spring-webmvc\5.0.7.RELEASE\spring-webmvc-5.0.7.RELEASE.jar;D:\apache-maven-3.5.2\repository\org\springframework\spring-aop\5.0.7.RELEASE\spring-aop-5.0.7.RELEASE.jar;D:\apache-maven-3.5.2\repository\org\springframework\spring-expression\5.0.7.RELEASE\spring-expression-5.0.7.RELEASE.jar;D:\apache-maven-3.5.2\repository\org\springframework\boot\spring-boot-starter-tomcat\2.0.3.RELEASE\spring-boot-starter-tomcat-2.0.3.RELEASE.jar;D:\apache-maven-3.5.2\repository\javax\annotation\javax.annotation-api\1.3.2\javax.annotation-api-1.3.2.jar;D:\apache-maven-3.5.2\repository\org\apache\tomcat\embed\tomcat-embed-core\8.5.31\tomcat-embed-core-8.5.31.jar;D:\apache-maven-3.5.2\repository\org\apache\tomcat\embed\tomcat-embed-el\8.5.31\tomcat-embed-el-8.5.31.jar;D:\apache-maven-3.5.2\repository\org\apache\tomcat\embed\tomcat-embed-websocket\8.5.31\tomcat-embed-websocket-8.5.31.jar;D:\apache-maven-3.5.2\repository\org\springframework\boot\spring-boot-starter\2.0.3.RELEASE\spring-boot-starter-2.0.3.RELEASE.jar;D:\apache-maven-3.5.2\repository\org\springframework\boot\spring-boot\2.0.3.RELEASE\spring-boot-2.0.3.RELEASE.jar;D:\apache-maven-3.5.2\repository\org\springframework\boot\spring-boot-autoconfigure\2.0.3.RELEASE\spring-boot-autoconfigure-2.0.3.RELEASE.jar;D:\apache-maven-3.5.2\repository\org\springframework\boot\spring-boot-starter-logging\2.0.3.RELEASE\spring-boot-starter-logging-2.0.3.RELEASE.jar;D:\apache-maven-3.5.2\repository\ch\qos\logback\logback-classic\1.2.3\logback-classic-1.2.3.jar;D:\apache-maven-3.5.2\repository\ch\qos\logback\logback-core\1.2.3\logback-core-1.2.3.jar;D:\apache-maven-3.5.2\repository\org\apache\logging\log4j\log4j-to-slf4j\2.10.0\log4j-to-slf4j-2.10.0.jar;D:\apache-maven-3.5.2\repository\org\apache\logging\log4j\log4j-api\2.10.0\log4j-api-2.10.0.jar;D:\apache-maven-3.5.2\repository\org\slf4j\jul-to-slf4j\1.7.25\jul-to-slf4j-1.7.25.jar;D:\apache-maven-3.5.2\repository\org\springframework\spring-core\5.0.7.RELEASE\spring-core-5.0.7.RELEASE.jar;D:\apache-maven-3.5.2\repository\org\springframework\spring-jcl\5.0.7.RELEASE\spring-jcl-5.0.7.RELEASE.jar;D:\apache-maven-3.5.2\repository\org\yaml\snakeyaml\1.19\snakeyaml-1.19.jar;D:\apache-maven-3.5.2\repository\org\springframework\boot\spring-boot-starter-test\2.0.3.RELEASE\spring-boot-starter-test-2.0.3.RELEASE.jar;D:\apache-maven-3.5.2\repository\org\springframework\boot\spring-boot-test\2.0.3.RELEASE\spring-boot-test-2.0.3.RELEASE.jar;D:\apache-maven-3.5.2\repository\org\springframework\boot\spring-boot-test-autoconfigure\2.0.3.RELEASE\spring-boot-test-autoconfigure-2.0.3.RELEASE.jar;D:\apache-maven-3.5.2\repository\com\jayway\jsonpath\json-path\2.4.0\json-path-2.4.0.jar;D:\apache-maven-3.5.2\repository\net\minidev\json-smart\2.3\json-smart-2.3.jar;D:\apache-maven-3.5.2\repository\net\minidev\accessors-smart\1.2\accessors-smart-1.2.jar;D:\apache-maven-3.5.2\repository\org\assertj\assertj-core\3.9.1\assertj-core-3.9.1.jar;D:\apache-maven-3.5.2\repository\org\mockito\mockito-core\2.15.0\mockito-core-2.15.0.jar;D:\apache-maven-3.5.2\repository\net\bytebuddy\byte-buddy\1.7.11\byte-buddy-1.7.11.jar;D:\apache-maven-3.5.2\repository\net\bytebuddy\byte-buddy-agent\1.7.11\byte-buddy-agent-1.7.11.jar;D:\apache-maven-3.5.2\repository\org\objenesis\objenesis\2.6\objenesis-2.6.jar;D:\apache-maven-3.5.2\repository\org\hamcrest\hamcrest-core\1.3\hamcrest-core-1.3.jar;D:\apache-maven-3.5.2\repository\org\hamcrest\hamcrest-library\1.3\hamcrest-library-1.3.jar;D:\apache-maven-3.5.2\repository\org\skyscreamer\jsonassert\1.5.0\jsonassert-1.5.0.jar;D:\apache-maven-3.5.2\repository\com\vaadin\external\google\android-json\0.0.20131108.vaadin1\android-json-0.0.20131108.vaadin1.jar;D:\apache-maven-3.5.2\repository\org\springframework\spring-test\5.0.7.RELEASE\spring-test-5.0.7.RELEASE.jar;D:\apache-maven-3.5.2\repository\org\xmlunit\xmlunit-core\2.5.1\xmlunit-core-2.5.1.jar;D:\apache-maven-3.5.2\repository\org\mybatis\spring\boot\mybatis-spring-boot-starter\1.3.2\mybatis-spring-boot-starter-1.3.2.jar;D:\apache-maven-3.5.2\repository\org\springframework\boot\spring-boot-starter-jdbc\2.0.3.RELEASE\spring-boot-starter-jdbc-2.0.3.RELEASE.jar;D:\apache-maven-3.5.2\repository\com\zaxxer\HikariCP\2.7.9\HikariCP-2.7.9.jar;D:\apache-maven-3.5.2\repository\org\springframework\spring-jdbc\5.0.7.RELEASE\spring-jdbc-5.0.7.RELEASE.jar;D:\apache-maven-3.5.2\repository\org\springframework\spring-tx\5.0.7.RELEASE\spring-tx-5.0.7.RELEASE.jar;D:\apache-maven-3.5.2\repository\org\mybatis\spring\boot\mybatis-spring-boot-autoconfigure\1.3.2\mybatis-spring-boot-autoconfigure-1.3.2.jar;D:\apache-maven-3.5.2\repository\org\mybatis\mybatis-spring\1.3.2\mybatis-spring-1.3.2.jar;D:\apache-maven-3.5.2\repository\javax\activation\activation\1.1.1\activation-1.1.1.jar;D:\apache-maven-3.5.2\repository\org\mybatis\mybatis\3.4.6\mybatis-3.4.6.jar;D:\apache-maven-3.5.2\repository\mysql\mysql-connector-java\5.1.38\mysql-connector-java-5.1.38.jar;D:\apache-maven-3.5.2\repository\org\apache\httpcomponents\httpclient\4.5.2\httpclient-4.5.2.jar;D:\apache-maven-3.5.2\repository\org\apache\httpcomponents\httpcore\4.4.9\httpcore-4.4.9.jar;D:\apache-maven-3.5.2\repository\commons-codec\commons-codec\1.11\commons-codec-1.11.jar;D:\apache-maven-3.5.2\repository\org\apache\httpcomponents\httpmime\4.5.2\httpmime-4.5.2.jar;D:\apache-maven-3.5.2\repository\net\sourceforge\nekohtml\nekohtml\1.9.22\nekohtml-1.9.22.jar;D:\apache-maven-3.5.2\repository\xerces\xercesImpl\2.11.0\xercesImpl-2.11.0.jar;D:\apache-maven-3.5.2\repository\io\springfox\springfox-swagger2\2.9.2\springfox-swagger2-2.9.2.jar;D:\apache-maven-3.5.2\repository\io\swagger\swagger-annotations\1.5.20\swagger-annotations-1.5.20.jar;D:\apache-maven-3.5.2\repository\io\swagger\swagger-models\1.5.20\swagger-models-1.5.20.jar;D:\apache-maven-3.5.2\repository\com\fasterxml\jackson\core\jackson-annotations\2.9.0\jackson-annotations-2.9.0.jar;D:\apache-maven-3.5.2\repository\io\springfox\springfox-spi\2.9.2\springfox-spi-2.9.2.jar;D:\apache-maven-3.5.2\repository\io\springfox\springfox-core\2.9.2\springfox-core-2.9.2.jar;D:\apache-maven-3.5.2\repository\io\springfox\springfox-schema\2.9.2\springfox-schema-2.9.2.jar;D:\apache-maven-3.5.2\repository\io\springfox\springfox-swagger-common\2.9.2\springfox-swagger-common-2.9.2.jar;D:\apache-maven-3.5.2\repository\io\springfox\springfox-spring-web\2.9.2\springfox-spring-web-2.9.2.jar;D:\apache-maven-3.5.2\repository\com\google\guava\guava\20.0\guava-20.0.jar;D:\apache-maven-3.5.2\repository\com\fasterxml\classmate\1.3.4\classmate-1.3.4.jar;D:\apache-maven-3.5.2\repository\org\slf4j\slf4j-api\1.7.25\slf4j-api-1.7.25.jar;D:\apache-maven-3.5.2\repository\org\springframework\plugin\spring-plugin-core\1.2.0.RELEASE\spring-plugin-core-1.2.0.RELEASE.jar;D:\apache-maven-3.5.2\repository\org\springframework\plugin\spring-plugin-metadata\1.2.0.RELEASE\spring-plugin-metadata-1.2.0.RELEASE.jar;D:\apache-maven-3.5.2\repository\org\mapstruct\mapstruct\1.2.0.Final\mapstruct-1.2.0.Final.jar;D:\apache-maven-3.5.2\repository\io\springfox\springfox-swagger-ui\2.9.2\springfox-swagger-ui-2.9.2.jar;D:\apache-maven-3.5.2\repository\org\springframework\boot\spring-boot-starter-cache\2.0.3.RELEASE\spring-boot-starter-cache-2.0.3.RELEASE.jar;D:\apache-maven-3.5.2\repository\org\springframework\spring-context\5.0.7.RELEASE\spring-context-5.0.7.RELEASE.jar;D:\apache-maven-3.5.2\repository\org\springframework\spring-context-support\5.0.7.RELEASE\spring-context-support-5.0.7.RELEASE.jar;D:\apache-maven-3.5.2\repository\net\sf\ehcache\ehcache\2.10.5\ehcache-2.10.5.jar;D:\apache-maven-3.5.2\repository\junit\junit\4.11\junit-4.11.jar;D:\apache-maven-3.5.2\repository\com\squareup\okhttp3\okhttp\3.8.1\okhttp-3.8.1.jar;D:\apache-maven-3.5.2\repository\com\squareup\okio\okio\1.13.0\okio-1.13.0.jar;D:\apache-maven-3.5.2\repository\commons-net\commons-net\3.3\commons-net-3.3.jar;D:\apache-maven-3.5.2\repository\org\json\json\20180813\json-20180813.jar;D:\apache-maven-3.5.2\repository\org\apache\cxf\cxf-spring-boot-starter-jaxws\3.3.3\cxf-spring-boot-starter-jaxws-3.3.3.jar;D:\apache-maven-3.5.2\repository\org\apache\cxf\cxf-spring-boot-autoconfigure\3.3.3\cxf-spring-boot-autoconfigure-3.3.3.jar;D:\apache-maven-3.5.2\repository\org\apache\cxf\cxf-rt-transports-http\3.3.3\cxf-rt-transports-http-3.3.3.jar;D:\apache-maven-3.5.2\repository\org\apache\cxf\cxf-core\3.3.3\cxf-core-3.3.3.jar;D:\apache-maven-3.5.2\repository\org\glassfish\jaxb\jaxb-runtime\2.3.2\jaxb-runtime-2.3.2.jar;D:\apache-maven-3.5.2\repository\org\glassfish\jaxb\txw2\2.3.2\txw2-2.3.2.jar;D:\apache-maven-3.5.2\repository\com\sun\istack\istack-commons-runtime\3.0.8\istack-commons-runtime-3.0.8.jar;D:\apache-maven-3.5.2\repository\org\jvnet\staxex\stax-ex\1.8.1\stax-ex-1.8.1.jar;D:\apache-maven-3.5.2\repository\com\sun\xml\fastinfoset\FastInfoset\1.2.16\FastInfoset-1.2.16.jar;D:\apache-maven-3.5.2\repository\jakarta\activation\jakarta.activation-api\1.2.1\jakarta.activation-api-1.2.1.jar;D:\apache-maven-3.5.2\repository\com\fasterxml\woodstox\woodstox-core\5.0.3\woodstox-core-5.0.3.jar;D:\apache-maven-3.5.2\repository\org\codehaus\woodstox\stax2-api\3.1.4\stax2-api-3.1.4.jar;D:\apache-maven-3.5.2\repository\org\apache\ws\xmlschema\xmlschema-core\2.2.4\xmlschema-core-2.2.4.jar;D:\apache-maven-3.5.2\repository\jakarta\xml\bind\jakarta.xml.bind-api\2.3.2\jakarta.xml.bind-api-2.3.2.jar;D:\apache-maven-3.5.2\repository\org\apache\cxf\cxf-rt-frontend-jaxws\3.3.3\cxf-rt-frontend-jaxws-3.3.3.jar;D:\apache-maven-3.5.2\repository\xml-resolver\xml-resolver\1.2\xml-resolver-1.2.jar;D:\apache-maven-3.5.2\repository\org\ow2\asm\asm\7.1\asm-7.1.jar;D:\apache-maven-3.5.2\repository\org\apache\cxf\cxf-rt-bindings-soap\3.3.3\cxf-rt-bindings-soap-3.3.3.jar;D:\apache-maven-3.5.2\repository\org\apache\cxf\cxf-rt-wsdl\3.3.3\cxf-rt-wsdl-3.3.3.jar;D:\apache-maven-3.5.2\repository\wsdl4j\wsdl4j\1.6.3\wsdl4j-1.6.3.jar;D:\apache-maven-3.5.2\repository\org\apache\cxf\cxf-rt-databinding-jaxb\3.3.3\cxf-rt-databinding-jaxb-3.3.3.jar;D:\apache-maven-3.5.2\repository\org\apache\cxf\cxf-rt-bindings-xml\3.3.3\cxf-rt-bindings-xml-3.3.3.jar;D:\apache-maven-3.5.2\repository\org\apache\cxf\cxf-rt-frontend-simple\3.3.3\cxf-rt-frontend-simple-3.3.3.jar;D:\apache-maven-3.5.2\repository\org\apache\cxf\cxf-rt-ws-addr\3.3.3\cxf-rt-ws-addr-3.3.3.jar;D:\apache-maven-3.5.2\repository\org\apache\cxf\cxf-rt-ws-policy\3.3.3\cxf-rt-ws-policy-3.3.3.jar;D:\apache-maven-3.5.2\repository\org\apache\neethi\neethi\3.1.1\neethi-3.1.1.jar;D:\apache-maven-3.5.2\repository\javax\validation\validation-api\2.0.1.Final\validation-api-2.0.1.Final.jar;D:\apache-maven-3.5.2\repository\com\thoughtworks\xstream\xstream\1.4.4\xstream-1.4.4.jar;D:\apache-maven-3.5.2\repository\xmlpull\xmlpull\1.1.3.1\xmlpull-1.1.3.1.jar;D:\apache-maven-3.5.2\repository\xpp3\xpp3_min\1.1.4c\xpp3_min-1.1.4c.jar;D:\apache-maven-3.5.2\repository\org\dom4j\dom4j\2.1.3\dom4j-2.1.3.jar;D:\apache-maven-3.5.2\repository\com\alibaba\fastjson\1.2.70\fastjson-1.2.70.jar;D:\apache-maven-3.5.2\repository\io\netty\netty-all\4.1.31.Final\netty-all-4.1.31.Final.jar;D:\apache-maven-3.5.2\repository\net\sf\json-lib\json-lib\2.2.2\json-lib-2.2.2-jdk15.jar;D:\apache-maven-3.5.2\repository\commons-beanutils\commons-beanutils\1.7.0\commons-beanutils-1.7.0.jar;D:\apache-maven-3.5.2\repository\commons-collections\commons-collections\3.2\commons-collections-3.2.jar;D:\apache-maven-3.5.2\repository\commons-lang\commons-lang\2.4\commons-lang-2.4.jar;D:\apache-maven-3.5.2\repository\commons-logging\commons-logging\1.1.1\commons-logging-1.1.1.jar;D:\apache-maven-3.5.2\repository\net\sf\ezmorph\ezmorph\1.0.4\ezmorph-1.0.4.jar;D:\apache-maven-3.5.2\repository\xom\xom\1.2.5\xom-1.2.5.jar;D:\apache-maven-3.5.2\repository\xml-apis\xml-apis\1.4.01\xml-apis-1.4.01.jar;D:\apache-maven-3.5.2\repository\xalan\xalan\2.7.0\xalan-2.7.0.jar;"/>
    <property name="java.vm.vendor" value="Oracle Corporation"/>
    <property name="sun.arch.data.model" value="64"/>
    <property name="user.variant" value=""/>
    <property name="java.vendor.url" value="http://java.oracle.com/"/>
    <property name="user.timezone" value=""/>
    <property name="java.vm.specification.version" value="1.8"/>
    <property name="os.name" value="Windows 10"/>
    <property name="user.country" value="CN"/>
    <property name="sun.java.launcher" value="SUN_STANDARD"/>
    <property name="sun.boot.library.path" value="C:\Program Files (x86)\Java\jdk1.8.0_201\jre\bin"/>
    <property name="sun.java.command" value="C:\Users\79147\AppData\Local\Temp\surefire7403947269408959861\surefirebooter8045432785850226897.jar C:\Users\79147\AppData\Local\Temp\surefire7403947269408959861 2020-07-06T12-50-08_347-jvmRun1 surefire4123922467793415223tmp surefire_06538471509494222406tmp"/>
    <property name="surefire.test.class.path" value="E:\运维系统\UK-9000\UK-9100\V1\project\IGApi\target\test-classes;E:\运维系统\UK-9000\UK-9100\V1\project\IGApi\target\classes;D:\apache-maven-3.5.2\repository\org\springframework\boot\spring-boot-starter-thymeleaf\2.0.3.RELEASE\spring-boot-starter-thymeleaf-2.0.3.RELEASE.jar;D:\apache-maven-3.5.2\repository\org\thymeleaf\thymeleaf-spring5\3.0.9.RELEASE\thymeleaf-spring5-3.0.9.RELEASE.jar;D:\apache-maven-3.5.2\repository\org\thymeleaf\thymeleaf\3.0.9.RELEASE\thymeleaf-3.0.9.RELEASE.jar;D:\apache-maven-3.5.2\repository\org\attoparser\attoparser\2.0.4.RELEASE\attoparser-2.0.4.RELEASE.jar;D:\apache-maven-3.5.2\repository\org\unbescape\unbescape\1.1.5.RELEASE\unbescape-1.1.5.RELEASE.jar;D:\apache-maven-3.5.2\repository\org\thymeleaf\extras\thymeleaf-extras-java8time\3.0.1.RELEASE\thymeleaf-extras-java8time-3.0.1.RELEASE.jar;D:\apache-maven-3.5.2\repository\org\springframework\boot\spring-boot-starter-websocket\2.0.3.RELEASE\spring-boot-starter-websocket-2.0.3.RELEASE.jar;D:\apache-maven-3.5.2\repository\org\springframework\spring-messaging\5.0.7.RELEASE\spring-messaging-5.0.7.RELEASE.jar;D:\apache-maven-3.5.2\repository\org\springframework\spring-beans\5.0.7.RELEASE\spring-beans-5.0.7.RELEASE.jar;D:\apache-maven-3.5.2\repository\org\springframework\spring-websocket\5.0.7.RELEASE\spring-websocket-5.0.7.RELEASE.jar;D:\apache-maven-3.5.2\repository\org\java-websocket\Java-WebSocket\1.3.5\Java-WebSocket-1.3.5.jar;D:\apache-maven-3.5.2\repository\org\springframework\boot\spring-boot-configuration-processor\2.0.3.RELEASE\spring-boot-configuration-processor-2.0.3.RELEASE.jar;D:\apache-maven-3.5.2\repository\org\springframework\boot\spring-boot-starter-web\2.0.3.RELEASE\spring-boot-starter-web-2.0.3.RELEASE.jar;D:\apache-maven-3.5.2\repository\org\springframework\boot\spring-boot-starter-json\2.0.3.RELEASE\spring-boot-starter-json-2.0.3.RELEASE.jar;D:\apache-maven-3.5.2\repository\com\fasterxml\jackson\core\jackson-databind\2.9.6\jackson-databind-2.9.6.jar;D:\apache-maven-3.5.2\repository\com\fasterxml\jackson\core\jackson-core\2.9.6\jackson-core-2.9.6.jar;D:\apache-maven-3.5.2\repository\com\fasterxml\jackson\datatype\jackson-datatype-jdk8\2.9.6\jackson-datatype-jdk8-2.9.6.jar;D:\apache-maven-3.5.2\repository\com\fasterxml\jackson\datatype\jackson-datatype-jsr310\2.9.6\jackson-datatype-jsr310-2.9.6.jar;D:\apache-maven-3.5.2\repository\com\fasterxml\jackson\module\jackson-module-parameter-names\2.9.6\jackson-module-parameter-names-2.9.6.jar;D:\apache-maven-3.5.2\repository\org\hibernate\validator\hibernate-validator\6.0.10.Final\hibernate-validator-6.0.10.Final.jar;D:\apache-maven-3.5.2\repository\org\jboss\logging\jboss-logging\3.3.2.Final\jboss-logging-3.3.2.Final.jar;D:\apache-maven-3.5.2\repository\org\springframework\spring-web\5.0.7.RELEASE\spring-web-5.0.7.RELEASE.jar;D:\apache-maven-3.5.2\repository\org\springframework\spring-webmvc\5.0.7.RELEASE\spring-webmvc-5.0.7.RELEASE.jar;D:\apache-maven-3.5.2\repository\org\springframework\spring-aop\5.0.7.RELEASE\spring-aop-5.0.7.RELEASE.jar;D:\apache-maven-3.5.2\repository\org\springframework\spring-expression\5.0.7.RELEASE\spring-expression-5.0.7.RELEASE.jar;D:\apache-maven-3.5.2\repository\org\springframework\boot\spring-boot-starter-tomcat\2.0.3.RELEASE\spring-boot-starter-tomcat-2.0.3.RELEASE.jar;D:\apache-maven-3.5.2\repository\javax\annotation\javax.annotation-api\1.3.2\javax.annotation-api-1.3.2.jar;D:\apache-maven-3.5.2\repository\org\apache\tomcat\embed\tomcat-embed-core\8.5.31\tomcat-embed-core-8.5.31.jar;D:\apache-maven-3.5.2\repository\org\apache\tomcat\embed\tomcat-embed-el\8.5.31\tomcat-embed-el-8.5.31.jar;D:\apache-maven-3.5.2\repository\org\apache\tomcat\embed\tomcat-embed-websocket\8.5.31\tomcat-embed-websocket-8.5.31.jar;D:\apache-maven-3.5.2\repository\org\springframework\boot\spring-boot-starter\2.0.3.RELEASE\spring-boot-starter-2.0.3.RELEASE.jar;D:\apache-maven-3.5.2\repository\org\springframework\boot\spring-boot\2.0.3.RELEASE\spring-boot-2.0.3.RELEASE.jar;D:\apache-maven-3.5.2\repository\org\springframework\boot\spring-boot-autoconfigure\2.0.3.RELEASE\spring-boot-autoconfigure-2.0.3.RELEASE.jar;D:\apache-maven-3.5.2\repository\org\springframework\boot\spring-boot-starter-logging\2.0.3.RELEASE\spring-boot-starter-logging-2.0.3.RELEASE.jar;D:\apache-maven-3.5.2\repository\ch\qos\logback\logback-classic\1.2.3\logback-classic-1.2.3.jar;D:\apache-maven-3.5.2\repository\ch\qos\logback\logback-core\1.2.3\logback-core-1.2.3.jar;D:\apache-maven-3.5.2\repository\org\apache\logging\log4j\log4j-to-slf4j\2.10.0\log4j-to-slf4j-2.10.0.jar;D:\apache-maven-3.5.2\repository\org\apache\logging\log4j\log4j-api\2.10.0\log4j-api-2.10.0.jar;D:\apache-maven-3.5.2\repository\org\slf4j\jul-to-slf4j\1.7.25\jul-to-slf4j-1.7.25.jar;D:\apache-maven-3.5.2\repository\org\springframework\spring-core\5.0.7.RELEASE\spring-core-5.0.7.RELEASE.jar;D:\apache-maven-3.5.2\repository\org\springframework\spring-jcl\5.0.7.RELEASE\spring-jcl-5.0.7.RELEASE.jar;D:\apache-maven-3.5.2\repository\org\yaml\snakeyaml\1.19\snakeyaml-1.19.jar;D:\apache-maven-3.5.2\repository\org\springframework\boot\spring-boot-starter-test\2.0.3.RELEASE\spring-boot-starter-test-2.0.3.RELEASE.jar;D:\apache-maven-3.5.2\repository\org\springframework\boot\spring-boot-test\2.0.3.RELEASE\spring-boot-test-2.0.3.RELEASE.jar;D:\apache-maven-3.5.2\repository\org\springframework\boot\spring-boot-test-autoconfigure\2.0.3.RELEASE\spring-boot-test-autoconfigure-2.0.3.RELEASE.jar;D:\apache-maven-3.5.2\repository\com\jayway\jsonpath\json-path\2.4.0\json-path-2.4.0.jar;D:\apache-maven-3.5.2\repository\net\minidev\json-smart\2.3\json-smart-2.3.jar;D:\apache-maven-3.5.2\repository\net\minidev\accessors-smart\1.2\accessors-smart-1.2.jar;D:\apache-maven-3.5.2\repository\org\assertj\assertj-core\3.9.1\assertj-core-3.9.1.jar;D:\apache-maven-3.5.2\repository\org\mockito\mockito-core\2.15.0\mockito-core-2.15.0.jar;D:\apache-maven-3.5.2\repository\net\bytebuddy\byte-buddy\1.7.11\byte-buddy-1.7.11.jar;D:\apache-maven-3.5.2\repository\net\bytebuddy\byte-buddy-agent\1.7.11\byte-buddy-agent-1.7.11.jar;D:\apache-maven-3.5.2\repository\org\objenesis\objenesis\2.6\objenesis-2.6.jar;D:\apache-maven-3.5.2\repository\org\hamcrest\hamcrest-core\1.3\hamcrest-core-1.3.jar;D:\apache-maven-3.5.2\repository\org\hamcrest\hamcrest-library\1.3\hamcrest-library-1.3.jar;D:\apache-maven-3.5.2\repository\org\skyscreamer\jsonassert\1.5.0\jsonassert-1.5.0.jar;D:\apache-maven-3.5.2\repository\com\vaadin\external\google\android-json\0.0.20131108.vaadin1\android-json-0.0.20131108.vaadin1.jar;D:\apache-maven-3.5.2\repository\org\springframework\spring-test\5.0.7.RELEASE\spring-test-5.0.7.RELEASE.jar;D:\apache-maven-3.5.2\repository\org\xmlunit\xmlunit-core\2.5.1\xmlunit-core-2.5.1.jar;D:\apache-maven-3.5.2\repository\org\mybatis\spring\boot\mybatis-spring-boot-starter\1.3.2\mybatis-spring-boot-starter-1.3.2.jar;D:\apache-maven-3.5.2\repository\org\springframework\boot\spring-boot-starter-jdbc\2.0.3.RELEASE\spring-boot-starter-jdbc-2.0.3.RELEASE.jar;D:\apache-maven-3.5.2\repository\com\zaxxer\HikariCP\2.7.9\HikariCP-2.7.9.jar;D:\apache-maven-3.5.2\repository\org\springframework\spring-jdbc\5.0.7.RELEASE\spring-jdbc-5.0.7.RELEASE.jar;D:\apache-maven-3.5.2\repository\org\springframework\spring-tx\5.0.7.RELEASE\spring-tx-5.0.7.RELEASE.jar;D:\apache-maven-3.5.2\repository\org\mybatis\spring\boot\mybatis-spring-boot-autoconfigure\1.3.2\mybatis-spring-boot-autoconfigure-1.3.2.jar;D:\apache-maven-3.5.2\repository\org\mybatis\mybatis-spring\1.3.2\mybatis-spring-1.3.2.jar;D:\apache-maven-3.5.2\repository\javax\activation\activation\1.1.1\activation-1.1.1.jar;D:\apache-maven-3.5.2\repository\org\mybatis\mybatis\3.4.6\mybatis-3.4.6.jar;D:\apache-maven-3.5.2\repository\mysql\mysql-connector-java\5.1.38\mysql-connector-java-5.1.38.jar;D:\apache-maven-3.5.2\repository\org\apache\httpcomponents\httpclient\4.5.2\httpclient-4.5.2.jar;D:\apache-maven-3.5.2\repository\org\apache\httpcomponents\httpcore\4.4.9\httpcore-4.4.9.jar;D:\apache-maven-3.5.2\repository\commons-codec\commons-codec\1.11\commons-codec-1.11.jar;D:\apache-maven-3.5.2\repository\org\apache\httpcomponents\httpmime\4.5.2\httpmime-4.5.2.jar;D:\apache-maven-3.5.2\repository\net\sourceforge\nekohtml\nekohtml\1.9.22\nekohtml-1.9.22.jar;D:\apache-maven-3.5.2\repository\xerces\xercesImpl\2.11.0\xercesImpl-2.11.0.jar;D:\apache-maven-3.5.2\repository\io\springfox\springfox-swagger2\2.9.2\springfox-swagger2-2.9.2.jar;D:\apache-maven-3.5.2\repository\io\swagger\swagger-annotations\1.5.20\swagger-annotations-1.5.20.jar;D:\apache-maven-3.5.2\repository\io\swagger\swagger-models\1.5.20\swagger-models-1.5.20.jar;D:\apache-maven-3.5.2\repository\com\fasterxml\jackson\core\jackson-annotations\2.9.0\jackson-annotations-2.9.0.jar;D:\apache-maven-3.5.2\repository\io\springfox\springfox-spi\2.9.2\springfox-spi-2.9.2.jar;D:\apache-maven-3.5.2\repository\io\springfox\springfox-core\2.9.2\springfox-core-2.9.2.jar;D:\apache-maven-3.5.2\repository\io\springfox\springfox-schema\2.9.2\springfox-schema-2.9.2.jar;D:\apache-maven-3.5.2\repository\io\springfox\springfox-swagger-common\2.9.2\springfox-swagger-common-2.9.2.jar;D:\apache-maven-3.5.2\repository\io\springfox\springfox-spring-web\2.9.2\springfox-spring-web-2.9.2.jar;D:\apache-maven-3.5.2\repository\com\google\guava\guava\20.0\guava-20.0.jar;D:\apache-maven-3.5.2\repository\com\fasterxml\classmate\1.3.4\classmate-1.3.4.jar;D:\apache-maven-3.5.2\repository\org\slf4j\slf4j-api\1.7.25\slf4j-api-1.7.25.jar;D:\apache-maven-3.5.2\repository\org\springframework\plugin\spring-plugin-core\1.2.0.RELEASE\spring-plugin-core-1.2.0.RELEASE.jar;D:\apache-maven-3.5.2\repository\org\springframework\plugin\spring-plugin-metadata\1.2.0.RELEASE\spring-plugin-metadata-1.2.0.RELEASE.jar;D:\apache-maven-3.5.2\repository\org\mapstruct\mapstruct\1.2.0.Final\mapstruct-1.2.0.Final.jar;D:\apache-maven-3.5.2\repository\io\springfox\springfox-swagger-ui\2.9.2\springfox-swagger-ui-2.9.2.jar;D:\apache-maven-3.5.2\repository\org\springframework\boot\spring-boot-starter-cache\2.0.3.RELEASE\spring-boot-starter-cache-2.0.3.RELEASE.jar;D:\apache-maven-3.5.2\repository\org\springframework\spring-context\5.0.7.RELEASE\spring-context-5.0.7.RELEASE.jar;D:\apache-maven-3.5.2\repository\org\springframework\spring-context-support\5.0.7.RELEASE\spring-context-support-5.0.7.RELEASE.jar;D:\apache-maven-3.5.2\repository\net\sf\ehcache\ehcache\2.10.5\ehcache-2.10.5.jar;D:\apache-maven-3.5.2\repository\junit\junit\4.11\junit-4.11.jar;D:\apache-maven-3.5.2\repository\com\squareup\okhttp3\okhttp\3.8.1\okhttp-3.8.1.jar;D:\apache-maven-3.5.2\repository\com\squareup\okio\okio\1.13.0\okio-1.13.0.jar;D:\apache-maven-3.5.2\repository\commons-net\commons-net\3.3\commons-net-3.3.jar;D:\apache-maven-3.5.2\repository\org\json\json\20180813\json-20180813.jar;D:\apache-maven-3.5.2\repository\org\apache\cxf\cxf-spring-boot-starter-jaxws\3.3.3\cxf-spring-boot-starter-jaxws-3.3.3.jar;D:\apache-maven-3.5.2\repository\org\apache\cxf\cxf-spring-boot-autoconfigure\3.3.3\cxf-spring-boot-autoconfigure-3.3.3.jar;D:\apache-maven-3.5.2\repository\org\apache\cxf\cxf-rt-transports-http\3.3.3\cxf-rt-transports-http-3.3.3.jar;D:\apache-maven-3.5.2\repository\org\apache\cxf\cxf-core\3.3.3\cxf-core-3.3.3.jar;D:\apache-maven-3.5.2\repository\org\glassfish\jaxb\jaxb-runtime\2.3.2\jaxb-runtime-2.3.2.jar;D:\apache-maven-3.5.2\repository\org\glassfish\jaxb\txw2\2.3.2\txw2-2.3.2.jar;D:\apache-maven-3.5.2\repository\com\sun\istack\istack-commons-runtime\3.0.8\istack-commons-runtime-3.0.8.jar;D:\apache-maven-3.5.2\repository\org\jvnet\staxex\stax-ex\1.8.1\stax-ex-1.8.1.jar;D:\apache-maven-3.5.2\repository\com\sun\xml\fastinfoset\FastInfoset\1.2.16\FastInfoset-1.2.16.jar;D:\apache-maven-3.5.2\repository\jakarta\activation\jakarta.activation-api\1.2.1\jakarta.activation-api-1.2.1.jar;D:\apache-maven-3.5.2\repository\com\fasterxml\woodstox\woodstox-core\5.0.3\woodstox-core-5.0.3.jar;D:\apache-maven-3.5.2\repository\org\codehaus\woodstox\stax2-api\3.1.4\stax2-api-3.1.4.jar;D:\apache-maven-3.5.2\repository\org\apache\ws\xmlschema\xmlschema-core\2.2.4\xmlschema-core-2.2.4.jar;D:\apache-maven-3.5.2\repository\jakarta\xml\bind\jakarta.xml.bind-api\2.3.2\jakarta.xml.bind-api-2.3.2.jar;D:\apache-maven-3.5.2\repository\org\apache\cxf\cxf-rt-frontend-jaxws\3.3.3\cxf-rt-frontend-jaxws-3.3.3.jar;D:\apache-maven-3.5.2\repository\xml-resolver\xml-resolver\1.2\xml-resolver-1.2.jar;D:\apache-maven-3.5.2\repository\org\ow2\asm\asm\7.1\asm-7.1.jar;D:\apache-maven-3.5.2\repository\org\apache\cxf\cxf-rt-bindings-soap\3.3.3\cxf-rt-bindings-soap-3.3.3.jar;D:\apache-maven-3.5.2\repository\org\apache\cxf\cxf-rt-wsdl\3.3.3\cxf-rt-wsdl-3.3.3.jar;D:\apache-maven-3.5.2\repository\wsdl4j\wsdl4j\1.6.3\wsdl4j-1.6.3.jar;D:\apache-maven-3.5.2\repository\org\apache\cxf\cxf-rt-databinding-jaxb\3.3.3\cxf-rt-databinding-jaxb-3.3.3.jar;D:\apache-maven-3.5.2\repository\org\apache\cxf\cxf-rt-bindings-xml\3.3.3\cxf-rt-bindings-xml-3.3.3.jar;D:\apache-maven-3.5.2\repository\org\apache\cxf\cxf-rt-frontend-simple\3.3.3\cxf-rt-frontend-simple-3.3.3.jar;D:\apache-maven-3.5.2\repository\org\apache\cxf\cxf-rt-ws-addr\3.3.3\cxf-rt-ws-addr-3.3.3.jar;D:\apache-maven-3.5.2\repository\org\apache\cxf\cxf-rt-ws-policy\3.3.3\cxf-rt-ws-policy-3.3.3.jar;D:\apache-maven-3.5.2\repository\org\apache\neethi\neethi\3.1.1\neethi-3.1.1.jar;D:\apache-maven-3.5.2\repository\javax\validation\validation-api\2.0.1.Final\validation-api-2.0.1.Final.jar;D:\apache-maven-3.5.2\repository\com\thoughtworks\xstream\xstream\1.4.4\xstream-1.4.4.jar;D:\apache-maven-3.5.2\repository\xmlpull\xmlpull\1.1.3.1\xmlpull-1.1.3.1.jar;D:\apache-maven-3.5.2\repository\xpp3\xpp3_min\1.1.4c\xpp3_min-1.1.4c.jar;D:\apache-maven-3.5.2\repository\org\dom4j\dom4j\2.1.3\dom4j-2.1.3.jar;D:\apache-maven-3.5.2\repository\com\alibaba\fastjson\1.2.70\fastjson-1.2.70.jar;D:\apache-maven-3.5.2\repository\io\netty\netty-all\4.1.31.Final\netty-all-4.1.31.Final.jar;D:\apache-maven-3.5.2\repository\net\sf\json-lib\json-lib\2.2.2\json-lib-2.2.2-jdk15.jar;D:\apache-maven-3.5.2\repository\commons-beanutils\commons-beanutils\1.7.0\commons-beanutils-1.7.0.jar;D:\apache-maven-3.5.2\repository\commons-collections\commons-collections\3.2\commons-collections-3.2.jar;D:\apache-maven-3.5.2\repository\commons-lang\commons-lang\2.4\commons-lang-2.4.jar;D:\apache-maven-3.5.2\repository\commons-logging\commons-logging\1.1.1\commons-logging-1.1.1.jar;D:\apache-maven-3.5.2\repository\net\sf\ezmorph\ezmorph\1.0.4\ezmorph-1.0.4.jar;D:\apache-maven-3.5.2\repository\xom\xom\1.2.5\xom-1.2.5.jar;D:\apache-maven-3.5.2\repository\xml-apis\xml-apis\1.4.01\xml-apis-1.4.01.jar;D:\apache-maven-3.5.2\repository\xalan\xalan\2.7.0\xalan-2.7.0.jar;"/>
    <property name="sun.cpu.endian" value="little"/>
    <property name="user.home" value="C:\Users\79147"/>
    <property name="user.language" value="zh"/>
    <property name="java.specification.vendor" value="Oracle Corporation"/>
    <property name="java.home" value="C:\Program Files (x86)\Java\jdk1.8.0_201\jre"/>
    <property name="basedir" value="E:\运维系统\UK-9000\UK-9100\V1\project\IGApi"/>
    <property name="file.separator" value="\"/>
    <property name="line.separator" value="&#10;"/>
    <property name="java.vm.specification.vendor" value="Oracle Corporation"/>
    <property name="java.specification.name" value="Java Platform API Specification"/>
    <property name="java.awt.graphicsenv" value="sun.awt.Win32GraphicsEnvironment"/>
    <property name="surefire.real.class.path" value="C:\Users\79147\AppData\Local\Temp\surefire7403947269408959861\surefirebooter8045432785850226897.jar"/>
    <property name="sun.boot.class.path" value="C:\Program Files (x86)\Java\jdk1.8.0_201\jre\lib\resources.jar;C:\Program Files (x86)\Java\jdk1.8.0_201\jre\lib\rt.jar;C:\Program Files (x86)\Java\jdk1.8.0_201\jre\lib\sunrsasign.jar;C:\Program Files (x86)\Java\jdk1.8.0_201\jre\lib\jsse.jar;C:\Program Files (x86)\Java\jdk1.8.0_201\jre\lib\jce.jar;C:\Program Files (x86)\Java\jdk1.8.0_201\jre\lib\charsets.jar;C:\Program Files (x86)\Java\jdk1.8.0_201\jre\lib\jfr.jar;C:\Program Files (x86)\Java\jdk1.8.0_201\jre\classes"/>
    <property name="user.script" value=""/>
    <property name="sun.management.compiler" value="HotSpot 64-Bit Tiered Compilers"/>
    <property name="java.runtime.version" value="1.8.0_201-b09"/>
    <property name="user.name" value="gaoxu"/>
    <property name="path.separator" value=";"/>
    <property name="os.version" value="10.0"/>
    <property name="java.endorsed.dirs" value="C:\Program Files (x86)\Java\jdk1.8.0_201\jre\lib\endorsed"/>
    <property name="java.runtime.name" value="Java(TM) SE Runtime Environment"/>
    <property name="file.encoding" value="GBK"/>
    <property name="java.vm.name" value="Java HotSpot(TM) 64-Bit Server VM"/>
    <property name="localRepository" value="D:\apache-maven-3.5.2\repository"/>
    <property name="java.vendor.url.bug" value="http://bugreport.sun.com/bugreport/"/>
    <property name="java.io.tmpdir" value="C:\Users\79147\AppData\Local\Temp\"/>
    <property name="java.version" value="1.8.0_201"/>
    <property name="user.dir" value="E:\运维系统\UK-9000\UK-9100\V1\project\IGApi"/>
    <property name="os.arch" value="amd64"/>
    <property name="java.vm.specification.name" value="Java Virtual Machine Specification"/>
    <property name="java.awt.printerjob" value="sun.awt.windows.WPrinterJob"/>
    <property name="sun.os.patch.level" value=""/>
    <property name="idea.version2019.1.1" value="true"/>
    <property name="java.library.path" value="C:\Program Files (x86)\Java\jdk1.8.0_201\jre\bin;C:\Windows\Sun\Java\bin;C:\Windows\system32;C:\Windows;D:\app\gaoxu\product\11.2.0\dbhome_1\bin;C:\Program Files (x86)\Java\jdk1.8.0_201\bin;C:\Program Files (x86)\Java\jdk1.8.0_201\jre\bin;C:\Windows\system32;C:\Windows;C:\Windows\System32\Wbem;C:\Windows\System32\WindowsPowerShell\v1.0\;C:\Windows\System32\OpenSSH\;C:\Program Files (x86)\NVIDIA Corporation\PhysX\Common;C:\Program Files\NVIDIA Corporation\NVIDIA NvDLISR;C:\Program Files (x86)\Java\jdk1.8.0_201;C:\Program Files\MySQL\MySQL Utilities 1.6\;D:\ffmpeg\bin;D:\apache-maven-3.5.2\bin;D:\Program Files\nodejs\;D:\Program Files\TortoiseSVN\bin;D:\Program Files\Git\cmd;D:\Program Files\Redis\;C:\Ruby23\bin;C:\Users\79147\AppData\Local\Microsoft\WindowsApps;C:\Program Files (x86)\Microsoft VS Code\bin;C:\Users\79147\AppData\Roaming\npm;C:\Users\79147\AppData\Local\GitHubDesktop\bin;D:\Program Files\Bandizip7\;."/>
    <property name="java.vm.info" value="mixed mode"/>
    <property name="java.vendor" value="Oracle Corporation"/>
    <property name="java.vm.version" value="25.201-b09"/>
    <property name="java.ext.dirs" value="C:\Program Files (x86)\Java\jdk1.8.0_201\jre\lib\ext;C:\Windows\Sun\Java\lib\ext"/>
    <property name="sun.io.unicode.encoding" value="UnicodeLittle"/>
    <property name="java.class.version" value="52.0"/>
  </properties>
  <testcase name="shouldAnswerWithTrue" classname="com.cn.uk.AppTest" time="0.001"/>
</testsuite>